This is pdfTeX, Version 3.14159265-2.6-1.40.19 (TeX Live 2018) (preloaded format=pdflatex 2018.11.8)  10 DEC 2018 13:24
entering extended mode
 \write18 enabled.
 %&-line parsing enabled.
**final-exam-review.tex
(./final-exam-review.tex
LaTeX2e <2018-04-01> patch level 5
(/usr/share/texlive/texmf-dist/tex/latex/base/article.cls
Document Class: article 2014/09/29 v1.4h Standard LaTeX document class
(/usr/share/texlive/texmf-dist/tex/latex/base/size10.clo
File: size10.clo 2014/09/29 v1.4h Standard LaTeX file (size option)
)
\c@part=\count80
\c@section=\count81
\c@subsection=\count82
\c@subsubsection=\count83
\c@paragraph=\count84
\c@subparagraph=\count85
\c@figure=\count86
\c@table=\count87
\abovecaptionskip=\skip41
\belowcaptionskip=\skip42
\bibindent=\dimen102
)
(/usr/share/texlive/texmf-dist/tex/generic/babel/babel.sty
Package: babel 2018/06/05 3.22 The Babel package

(/usr/share/texlive/texmf-dist/tex/generic/babel/switch.def
File: switch.def 2018/06/05 3.22 Babel switching mechanism
)
(/usr/share/texlive/texmf-dist/tex/generic/babel-english/english.ldf
Language: english 2017/06/06 v3.3r English support from the babel system

(/usr/share/texlive/texmf-dist/tex/generic/babel/babel.def
File: babel.def 2018/06/05 3.22 Babel common definitions
\babel@savecnt=\count88
\U@D=\dimen103

(/usr/share/texlive/texmf-dist/tex/generic/babel/txtbabel.def)
\bbl@dirlevel=\count89
)
\l@canadian = a dialect from \language\l@american 
\l@australian = a dialect from \language\l@british 
\l@newzealand = a dialect from \language\l@british 
))
(/usr/share/texlive/texmf-dist/tex/latex/amscls/amsthm.sty
Package: amsthm 2017/10/31 v2.20.4
\thm@style=\toks14
\thm@bodyfont=\toks15
\thm@headfont=\toks16
\thm@notefont=\toks17
\thm@headpunct=\toks18
\thm@preskip=\skip43
\thm@postskip=\skip44
\thm@headsep=\skip45
\dth@everypar=\toks19
)
(/usr/share/texlive/texmf-dist/tex/latex/base/inputenc.sty
Package: inputenc 2018/04/06 v1.3b Input encoding file
\inpenc@prehook=\toks20
\inpenc@posthook=\toks21

(/usr/share/texlive/texmf-dist/tex/latex/ucs/utf8x.def
File: utf8x.def 2004/10/17 UCS: Input encoding UTF-8
))
(/usr/share/texlive/texmf-dist/tex/latex/ucs/ucs.sty
Package: ucs 2013/05/11 v2.2 UCS: Unicode input support

(/usr/share/texlive/texmf-dist/tex/latex/ucs/data/uni-global.def
File: uni-global.def 2013/05/13 UCS: Unicode global data
)
\uc@secondtry=\count90
\uc@combtoks=\toks22
\uc@combtoksb=\toks23
\uc@temptokena=\toks24
)
(/usr/share/texlive/texmf-dist/tex/latex/base/fontenc.sty
Package: fontenc 2017/04/05 v2.0i Standard LaTeX package

(/usr/share/texlive/texmf-dist/tex/latex/base/t1enc.def
File: t1enc.def 2017/04/05 v2.0i Standard LaTeX file
LaTeX Font Info:    Redeclaring font encoding T1 on input line 48.
))
(/usr/share/texlive/texmf-dist/tex/latex/listings/listings.sty
(/usr/share/texlive/texmf-dist/tex/latex/graphics/keyval.sty
Package: keyval 2014/10/28 v1.15 key=value parser (DPC)
\KV@toks@=\toks25
)
\lst@mode=\count91
\lst@gtempboxa=\box26
\lst@token=\toks26
\lst@length=\count92
\lst@currlwidth=\dimen104
\lst@column=\count93
\lst@pos=\count94
\lst@lostspace=\dimen105
\lst@width=\dimen106
\lst@newlines=\count95
\lst@lineno=\count96
\lst@maxwidth=\dimen107

(/usr/share/texlive/texmf-dist/tex/latex/listings/lstmisc.sty
File: lstmisc.sty 2015/06/04 1.6 (Carsten Heinz)
\c@lstnumber=\count97
\lst@skipnumbers=\count98
\lst@framebox=\box27
)
(/usr/share/texlive/texmf-dist/tex/latex/listings/listings.cfg
File: listings.cfg 2015/06/04 1.6 listings configuration
))
Package: listings 2015/06/04 1.6 (Carsten Heinz)

(/usr/share/texlive/texmf-dist/tex/latex/algorithmicx/algpseudocode.sty
Package: algpseudocode 

(/usr/share/texlive/texmf-dist/tex/latex/base/ifthen.sty
Package: ifthen 2014/09/29 v1.1c Standard LaTeX ifthen package (DPC)
)
(/usr/share/texlive/texmf-dist/tex/latex/algorithmicx/algorithmicx.sty
Package: algorithmicx 2005/04/27 v1.2 Algorithmicx

Document Style algorithmicx 1.2 - a greatly improved `algorithmic' style
\c@ALG@line=\count99
\c@ALG@rem=\count100
\c@ALG@nested=\count101
\ALG@tlm=\skip46
\ALG@thistlm=\skip47
\c@ALG@Lnr=\count102
\c@ALG@blocknr=\count103
\c@ALG@storecount=\count104
\c@ALG@tmpcounter=\count105
\ALG@tmplength=\skip48
)
Document Style - pseudocode environments for use with the `algorithmicx' style
) (/usr/share/texlive/texmf-dist/tex/latex/algorithms/algorithm.sty
Package: algorithm 2009/08/24 v0.1 Document Style `algorithm' - floating enviro
nment

(/usr/share/texlive/texmf-dist/tex/latex/float/float.sty
Package: float 2001/11/08 v1.3d Float enhancements (AL)
\c@float@type=\count106
\float@exts=\toks27
\float@box=\box28
\@float@everytoks=\toks28
\@floatcapt=\box29
)
\@float@every@algorithm=\toks29
\c@algorithm=\count107
)
(/usr/share/texlive/texmf-dist/tex/latex/mathtools/mathtools.sty
Package: mathtools 2018/01/08 v1.21 mathematical typesetting tools

(/usr/share/texlive/texmf-dist/tex/latex/tools/calc.sty
Package: calc 2017/05/25 v4.3 Infix arithmetic (KKT,FJ)
\calc@Acount=\count108
\calc@Bcount=\count109
\calc@Adimen=\dimen108
\calc@Bdimen=\dimen109
\calc@Askip=\skip49
\calc@Bskip=\skip50
LaTeX Info: Redefining \setlength on input line 80.
LaTeX Info: Redefining \addtolength on input line 81.
\calc@Ccount=\count110
\calc@Cskip=\skip51
)
(/usr/share/texlive/texmf-dist/tex/latex/mathtools/mhsetup.sty
Package: mhsetup 2017/03/31 v1.3 programming setup (MH)
)
(/usr/share/texlive/texmf-dist/tex/latex/amsmath/amsmath.sty
Package: amsmath 2017/09/02 v2.17a AMS math features
\@mathmargin=\skip52

For additional information on amsmath, use the `?' option.
(/usr/share/texlive/texmf-dist/tex/latex/amsmath/amstext.sty
Package: amstext 2000/06/29 v2.01 AMS text

(/usr/share/texlive/texmf-dist/tex/latex/amsmath/amsgen.sty
File: amsgen.sty 1999/11/30 v2.0 generic functions
\@emptytoks=\toks30
\ex@=\dimen110
))
(/usr/share/texlive/texmf-dist/tex/latex/amsmath/amsbsy.sty
Package: amsbsy 1999/11/29 v1.2d Bold Symbols
\pmbraise@=\dimen111
)
(/usr/share/texlive/texmf-dist/tex/latex/amsmath/amsopn.sty
Package: amsopn 2016/03/08 v2.02 operator names
)
\inf@bad=\count111
LaTeX Info: Redefining \frac on input line 213.
\uproot@=\count112
\leftroot@=\count113
LaTeX Info: Redefining \overline on input line 375.
\classnum@=\count114
\DOTSCASE@=\count115
LaTeX Info: Redefining \ldots on input line 472.
LaTeX Info: Redefining \dots on input line 475.
LaTeX Info: Redefining \cdots on input line 596.
\Mathstrutbox@=\box30
\strutbox@=\box31
\big@size=\dimen112
LaTeX Font Info:    Redeclaring font encoding OML on input line 712.
LaTeX Font Info:    Redeclaring font encoding OMS on input line 713.
\macc@depth=\count116
\c@MaxMatrixCols=\count117
\dotsspace@=\muskip10
\c@parentequation=\count118
\dspbrk@lvl=\count119
\tag@help=\toks31
\row@=\count120
\column@=\count121
\maxfields@=\count122
\andhelp@=\toks32
\eqnshift@=\dimen113
\alignsep@=\dimen114
\tagshift@=\dimen115
\tagwidth@=\dimen116
\totwidth@=\dimen117
\lineht@=\dimen118
\@envbody=\toks33
\multlinegap=\skip53
\multlinetaggap=\skip54
\mathdisplay@stack=\toks34
LaTeX Info: Redefining \[ on input line 2817.
LaTeX Info: Redefining \] on input line 2818.
)
LaTeX Info: Thecontrolsequence`\('isalreadyrobust on input line 129.
LaTeX Info: Thecontrolsequence`\)'isalreadyrobust on input line 129.
LaTeX Info: Thecontrolsequence`\['isalreadyrobust on input line 129.
LaTeX Info: Thecontrolsequence`\]'isalreadyrobust on input line 129.
\g_MT_multlinerow_int=\count123
\l_MT_multwidth_dim=\dimen119
\origjot=\skip55
\l_MT_shortvdotswithinadjustabove_dim=\dimen120
\l_MT_shortvdotswithinadjustbelow_dim=\dimen121
\l_MT_above_intertext_sep=\dimen122
\l_MT_below_intertext_sep=\dimen123
\l_MT_above_shortintertext_sep=\dimen124
\l_MT_below_shortintertext_sep=\dimen125
)
(/usr/share/texlive/texmf-dist/tex/latex/tools/enumerate.sty
Package: enumerate 2015/07/23 v3.00 enumerate extensions (DPC)
\@enLab=\toks35
)
(/usr/share/texlive/texmf-dist/tex/latex/tabu/tabu.sty
Package: tabu 2011/02/26 v2.8 - flexible LaTeX tabulars (FC)

(/usr/share/texlive/texmf-dist/tex/latex/tools/array.sty
Package: array 2018/04/30 v2.4h Tabular extension package (FMi)
\col@sep=\dimen126
\ar@mcellbox=\box32
\extrarowheight=\dimen127
\NC@list=\toks36
\extratabsurround=\skip56
\backup@length=\skip57
\ar@cellbox=\box33
)
(/usr/share/texlive/texmf-dist/tex/latex/varwidth/varwidth.sty
Package: varwidth 2009/03/30 ver 0.92;  Variable-width minipages
\@vwid@box=\box34
\sift@deathcycles=\count124
\@vwid@loff=\dimen128
\@vwid@roff=\dimen129
)
\c@taburow=\count125
\tabu@nbcols=\count126
\tabu@cnt=\count127
\tabu@Xcol=\count128
\tabu@alloc=\count129
\tabu@nested=\count130
\tabu@target=\dimen130
\tabu@spreadtarget=\dimen131
\tabu@naturalX=\dimen132
\tabucolX=\dimen133
\tabu@Xsum=\dimen134
\extrarowdepth=\dimen135
\abovetabulinesep=\dimen136
\belowtabulinesep=\dimen137
\tabustrutrule=\dimen138
\tabu@thebody=\toks37
\tabu@footnotes=\toks38
\tabu@box=\box35
\tabu@arstrutbox=\box36
\tabu@hleads=\box37
\tabu@vleads=\box38
\tabu@cellskip=\skip58
)
(/usr/share/texlive/texmf-dist/tex/latex/subfig/subfig.sty
Package: subfig 2005/06/28 ver: 1.3 subfig package

(/usr/share/texlive/texmf-dist/tex/latex/caption/caption.sty
Package: caption 2018/05/01 v3.3-147 Customizing captions (AR)

(/usr/share/texlive/texmf-dist/tex/latex/caption/caption3.sty
Package: caption3 2018/05/27 v1.8a caption3 kernel (AR)
Package caption3 Info: TeX engine: e-TeX on input line 64.
\captionmargin=\dimen139
\captionmargin@=\dimen140
\captionwidth=\dimen141
\caption@tempdima=\dimen142
\caption@indent=\dimen143
\caption@parindent=\dimen144
\caption@hangindent=\dimen145
)
\c@ContinuedFloat=\count131
Package caption Info: float package is loaded.
Package caption Info: listings package is loaded.
)
\c@KVtest=\count132
\sf@farskip=\skip59
\sf@captopadj=\dimen146
\sf@capskip=\skip60
\sf@nearskip=\skip61
\c@subfigure=\count133
\c@subfigure@save=\count134
\c@lofdepth=\count135
\c@subtable=\count136
\c@subtable@save=\count137
\c@lotdepth=\count138
\sf@top=\skip62
\sf@bottom=\skip63
)
(/usr/share/texlive/texmf-dist/tex/latex/geometry/geometry.sty
Package: geometry 2018/04/16 v5.8 Page Geometry

(/usr/share/texlive/texmf-dist/tex/generic/oberdiek/ifpdf.sty
Package: ifpdf 2017/03/15 v3.2 Provides the ifpdf switch
)
(/usr/share/texlive/texmf-dist/tex/generic/oberdiek/ifvtex.sty
Package: ifvtex 2016/05/16 v1.6 Detect VTeX and its facilities (HO)
Package ifvtex Info: VTeX not detected.
)
(/usr/share/texlive/texmf-dist/tex/generic/ifxetex/ifxetex.sty
Package: ifxetex 2010/09/12 v0.6 Provides ifxetex conditional
)
\Gm@cnth=\count139
\Gm@cntv=\count140
\c@Gm@tempcnt=\count141
\Gm@bindingoffset=\dimen147
\Gm@wd@mp=\dimen148
\Gm@odd@mp=\dimen149
\Gm@even@mp=\dimen150
\Gm@layoutwidth=\dimen151
\Gm@layoutheight=\dimen152
\Gm@layouthoffset=\dimen153
\Gm@layoutvoffset=\dimen154
\Gm@dimlist=\toks39
)
(/usr/share/texlive/texmf-dist/tex/latex/graphics/graphicx.sty
Package: graphicx 2017/06/01 v1.1a Enhanced LaTeX Graphics (DPC,SPQR)

(/usr/share/texlive/texmf-dist/tex/latex/graphics/graphics.sty
Package: graphics 2017/06/25 v1.2c Standard LaTeX Graphics (DPC,SPQR)

(/usr/share/texlive/texmf-dist/tex/latex/graphics/trig.sty
Package: trig 2016/01/03 v1.10 sin cos tan (DPC)
)
(/usr/share/texlive/texmf-dist/tex/latex/graphics-cfg/graphics.cfg
File: graphics.cfg 2016/06/04 v1.11 sample graphics configuration
)
Package graphics Info: Driver file: pdftex.def on input line 99.

(/usr/share/texlive/texmf-dist/tex/latex/graphics-def/pdftex.def
File: pdftex.def 2018/01/08 v1.0l Graphics/color driver for pdftex
))
\Gin@req@height=\dimen155
\Gin@req@width=\dimen156
)
(/usr/share/texlive/texmf-dist/tex/latex/todonotes/todonotes.sty
Package: todonotes 2015/07/09 .dtx Todonotes source and documentation.
Package: todonotes 2012/07/25

(/usr/share/texlive/texmf-dist/tex/latex/xkeyval/xkeyval.sty
Package: xkeyval 2014/12/03 v2.7a package option processing (HA)

(/usr/share/texlive/texmf-dist/tex/generic/xkeyval/xkeyval.tex
(/usr/share/texlive/texmf-dist/tex/generic/xkeyval/xkvutils.tex
\XKV@toks=\toks40
\XKV@tempa@toks=\toks41
)
\XKV@depth=\count142
File: xkeyval.tex 2014/12/03 v2.7a key=value parser (HA)
))
(/usr/share/texlive/texmf-dist/tex/latex/xcolor/xcolor.sty
Package: xcolor 2016/05/11 v2.12 LaTeX color extensions (UK)

(/usr/share/texlive/texmf-dist/tex/latex/graphics-cfg/color.cfg
File: color.cfg 2016/01/02 v1.6 sample color configuration
)
Package xcolor Info: Driver file: pdftex.def on input line 225.
Package xcolor Info: Model `cmy' substituted by `cmy0' on input line 1348.
Package xcolor Info: Model `hsb' substituted by `rgb' on input line 1352.
Package xcolor Info: Model `RGB' extended on input line 1364.
Package xcolor Info: Model `HTML' substituted by `rgb' on input line 1366.
Package xcolor Info: Model `Hsb' substituted by `hsb' on input line 1367.
Package xcolor Info: Model `tHsb' substituted by `hsb' on input line 1368.
Package xcolor Info: Model `HSB' substituted by `hsb' on input line 1369.
Package xcolor Info: Model `Gray' substituted by `gray' on input line 1370.
Package xcolor Info: Model `wave' substituted by `hsb' on input line 1371.
)
(/usr/share/texlive/texmf-dist/tex/latex/pgf/frontendlayer/tikz.sty
(/usr/share/texlive/texmf-dist/tex/latex/pgf/basiclayer/pgf.sty
(/usr/share/texlive/texmf-dist/tex/latex/pgf/utilities/pgfrcs.sty
(/usr/share/texlive/texmf-dist/tex/generic/pgf/utilities/pgfutil-common.tex
\pgfutil@everybye=\toks42
\pgfutil@tempdima=\dimen157
\pgfutil@tempdimb=\dimen158

(/usr/share/texlive/texmf-dist/tex/generic/pgf/utilities/pgfutil-common-lists.t
ex)) (/usr/share/texlive/texmf-dist/tex/generic/pgf/utilities/pgfutil-latex.def
\pgfutil@abb=\box39
(/usr/share/texlive/texmf-dist/tex/latex/ms/everyshi.sty
Package: everyshi 2001/05/15 v3.00 EveryShipout Package (MS)
))
(/usr/share/texlive/texmf-dist/tex/generic/pgf/utilities/pgfrcs.code.tex
Package: pgfrcs 2015/08/07 v3.0.1a (rcs-revision 1.31)
))
Package: pgf 2015/08/07 v3.0.1a (rcs-revision 1.15)

(/usr/share/texlive/texmf-dist/tex/latex/pgf/basiclayer/pgfcore.sty
(/usr/share/texlive/texmf-dist/tex/latex/pgf/systemlayer/pgfsys.sty
(/usr/share/texlive/texmf-dist/tex/generic/pgf/systemlayer/pgfsys.code.tex
Package: pgfsys 2014/07/09 v3.0.1a (rcs-revision 1.48)

(/usr/share/texlive/texmf-dist/tex/generic/pgf/utilities/pgfkeys.code.tex
\pgfkeys@pathtoks=\toks43
\pgfkeys@temptoks=\toks44

(/usr/share/texlive/texmf-dist/tex/generic/pgf/utilities/pgfkeysfiltered.code.t
ex
\pgfkeys@tmptoks=\toks45
))
\pgf@x=\dimen159
\pgf@y=\dimen160
\pgf@xa=\dimen161
\pgf@ya=\dimen162
\pgf@xb=\dimen163
\pgf@yb=\dimen164
\pgf@xc=\dimen165
\pgf@yc=\dimen166
\w@pgf@writea=\write3
\r@pgf@reada=\read1
\c@pgf@counta=\count143
\c@pgf@countb=\count144
\c@pgf@countc=\count145
\c@pgf@countd=\count146
\t@pgf@toka=\toks46
\t@pgf@tokb=\toks47
\t@pgf@tokc=\toks48
 (/usr/share/texlive/texmf-dist/tex/generic/pgf/systemlayer/pgf.cfg
File: pgf.cfg 2008/05/14  (rcs-revision 1.7)
)
Driver file for pgf: pgfsys-pdftex.def

(/usr/share/texlive/texmf-dist/tex/generic/pgf/systemlayer/pgfsys-pdftex.def
File: pgfsys-pdftex.def 2014/10/11  (rcs-revision 1.35)

(/usr/share/texlive/texmf-dist/tex/generic/pgf/systemlayer/pgfsys-common-pdf.de
f
File: pgfsys-common-pdf.def 2013/10/10  (rcs-revision 1.13)
)))
(/usr/share/texlive/texmf-dist/tex/generic/pgf/systemlayer/pgfsyssoftpath.code.
tex
File: pgfsyssoftpath.code.tex 2013/09/09  (rcs-revision 1.9)
\pgfsyssoftpath@smallbuffer@items=\count147
\pgfsyssoftpath@bigbuffer@items=\count148
)
(/usr/share/texlive/texmf-dist/tex/generic/pgf/systemlayer/pgfsysprotocol.code.
tex
File: pgfsysprotocol.code.tex 2006/10/16  (rcs-revision 1.4)
))
(/usr/share/texlive/texmf-dist/tex/generic/pgf/basiclayer/pgfcore.code.tex
Package: pgfcore 2010/04/11 v3.0.1a (rcs-revision 1.7)

(/usr/share/texlive/texmf-dist/tex/generic/pgf/math/pgfmath.code.tex
(/usr/share/texlive/texmf-dist/tex/generic/pgf/math/pgfmathcalc.code.tex
(/usr/share/texlive/texmf-dist/tex/generic/pgf/math/pgfmathutil.code.tex)
(/usr/share/texlive/texmf-dist/tex/generic/pgf/math/pgfmathparser.code.tex
\pgfmath@dimen=\dimen167
\pgfmath@count=\count149
\pgfmath@box=\box40
\pgfmath@toks=\toks49
\pgfmath@stack@operand=\toks50
\pgfmath@stack@operation=\toks51
)
(/usr/share/texlive/texmf-dist/tex/generic/pgf/math/pgfmathfunctions.code.tex
(/usr/share/texlive/texmf-dist/tex/generic/pgf/math/pgfmathfunctions.basic.code
.tex)
(/usr/share/texlive/texmf-dist/tex/generic/pgf/math/pgfmathfunctions.trigonomet
ric.code.tex)
(/usr/share/texlive/texmf-dist/tex/generic/pgf/math/pgfmathfunctions.random.cod
e.tex)
(/usr/share/texlive/texmf-dist/tex/generic/pgf/math/pgfmathfunctions.comparison
.code.tex)
(/usr/share/texlive/texmf-dist/tex/generic/pgf/math/pgfmathfunctions.base.code.
tex)
(/usr/share/texlive/texmf-dist/tex/generic/pgf/math/pgfmathfunctions.round.code
.tex)
(/usr/share/texlive/texmf-dist/tex/generic/pgf/math/pgfmathfunctions.misc.code.
tex)
(/usr/share/texlive/texmf-dist/tex/generic/pgf/math/pgfmathfunctions.integerari
thmetics.code.tex)))
(/usr/share/texlive/texmf-dist/tex/generic/pgf/math/pgfmathfloat.code.tex
\c@pgfmathroundto@lastzeros=\count150
))
(/usr/share/texlive/texmf-dist/tex/generic/pgf/basiclayer/pgfcorepoints.code.te
x
File: pgfcorepoints.code.tex 2013/10/07  (rcs-revision 1.27)
\pgf@picminx=\dimen168
\pgf@picmaxx=\dimen169
\pgf@picminy=\dimen170
\pgf@picmaxy=\dimen171
\pgf@pathminx=\dimen172
\pgf@pathmaxx=\dimen173
\pgf@pathminy=\dimen174
\pgf@pathmaxy=\dimen175
\pgf@xx=\dimen176
\pgf@xy=\dimen177
\pgf@yx=\dimen178
\pgf@yy=\dimen179
\pgf@zx=\dimen180
\pgf@zy=\dimen181
)
(/usr/share/texlive/texmf-dist/tex/generic/pgf/basiclayer/pgfcorepathconstruct.
code.tex
File: pgfcorepathconstruct.code.tex 2013/10/07  (rcs-revision 1.29)
\pgf@path@lastx=\dimen182
\pgf@path@lasty=\dimen183
)
(/usr/share/texlive/texmf-dist/tex/generic/pgf/basiclayer/pgfcorepathusage.code
.tex
File: pgfcorepathusage.code.tex 2014/11/02  (rcs-revision 1.24)
\pgf@shorten@end@additional=\dimen184
\pgf@shorten@start@additional=\dimen185
)
(/usr/share/texlive/texmf-dist/tex/generic/pgf/basiclayer/pgfcorescopes.code.te
x
File: pgfcorescopes.code.tex 2015/05/08  (rcs-revision 1.46)
\pgfpic=\box41
\pgf@hbox=\box42
\pgf@layerbox@main=\box43
\pgf@picture@serial@count=\count151
)
(/usr/share/texlive/texmf-dist/tex/generic/pgf/basiclayer/pgfcoregraphicstate.c
ode.tex
File: pgfcoregraphicstate.code.tex 2014/11/02  (rcs-revision 1.12)
\pgflinewidth=\dimen186
)
(/usr/share/texlive/texmf-dist/tex/generic/pgf/basiclayer/pgfcoretransformation
s.code.tex
File: pgfcoretransformations.code.tex 2015/08/07  (rcs-revision 1.20)
\pgf@pt@x=\dimen187
\pgf@pt@y=\dimen188
\pgf@pt@temp=\dimen189
)
(/usr/share/texlive/texmf-dist/tex/generic/pgf/basiclayer/pgfcorequick.code.tex
File: pgfcorequick.code.tex 2008/10/09  (rcs-revision 1.3)
)
(/usr/share/texlive/texmf-dist/tex/generic/pgf/basiclayer/pgfcoreobjects.code.t
ex
File: pgfcoreobjects.code.tex 2006/10/11  (rcs-revision 1.2)
)
(/usr/share/texlive/texmf-dist/tex/generic/pgf/basiclayer/pgfcorepathprocessing
.code.tex
File: pgfcorepathprocessing.code.tex 2013/09/09  (rcs-revision 1.9)
)
(/usr/share/texlive/texmf-dist/tex/generic/pgf/basiclayer/pgfcorearrows.code.te
x
File: pgfcorearrows.code.tex 2015/05/14  (rcs-revision 1.43)
\pgfarrowsep=\dimen190
)
(/usr/share/texlive/texmf-dist/tex/generic/pgf/basiclayer/pgfcoreshade.code.tex
File: pgfcoreshade.code.tex 2013/07/15  (rcs-revision 1.15)
\pgf@max=\dimen191
\pgf@sys@shading@range@num=\count152
)
(/usr/share/texlive/texmf-dist/tex/generic/pgf/basiclayer/pgfcoreimage.code.tex
File: pgfcoreimage.code.tex 2013/07/15  (rcs-revision 1.18)

(/usr/share/texlive/texmf-dist/tex/generic/pgf/basiclayer/pgfcoreexternal.code.
tex
File: pgfcoreexternal.code.tex 2014/07/09  (rcs-revision 1.21)
\pgfexternal@startupbox=\box44
))
(/usr/share/texlive/texmf-dist/tex/generic/pgf/basiclayer/pgfcorelayers.code.te
x
File: pgfcorelayers.code.tex 2013/07/18  (rcs-revision 1.7)
)
(/usr/share/texlive/texmf-dist/tex/generic/pgf/basiclayer/pgfcoretransparency.c
ode.tex
File: pgfcoretransparency.code.tex 2013/09/30  (rcs-revision 1.5)
)
(/usr/share/texlive/texmf-dist/tex/generic/pgf/basiclayer/pgfcorepatterns.code.
tex
File: pgfcorepatterns.code.tex 2013/11/07  (rcs-revision 1.5)
)))
(/usr/share/texlive/texmf-dist/tex/generic/pgf/modules/pgfmoduleshapes.code.tex
File: pgfmoduleshapes.code.tex 2014/03/21  (rcs-revision 1.35)
\pgfnodeparttextbox=\box45
) (/usr/share/texlive/texmf-dist/tex/generic/pgf/modules/pgfmoduleplot.code.tex
File: pgfmoduleplot.code.tex 2015/08/03  (rcs-revision 1.13)
)
(/usr/share/texlive/texmf-dist/tex/latex/pgf/compatibility/pgfcomp-version-0-65
.sty
Package: pgfcomp-version-0-65 2007/07/03 v3.0.1a (rcs-revision 1.7)
\pgf@nodesepstart=\dimen192
\pgf@nodesepend=\dimen193
)
(/usr/share/texlive/texmf-dist/tex/latex/pgf/compatibility/pgfcomp-version-1-18
.sty
Package: pgfcomp-version-1-18 2007/07/23 v3.0.1a (rcs-revision 1.1)
)) (/usr/share/texlive/texmf-dist/tex/latex/pgf/utilities/pgffor.sty
(/usr/share/texlive/texmf-dist/tex/latex/pgf/utilities/pgfkeys.sty
(/usr/share/texlive/texmf-dist/tex/generic/pgf/utilities/pgfkeys.code.tex))
(/usr/share/texlive/texmf-dist/tex/latex/pgf/math/pgfmath.sty
(/usr/share/texlive/texmf-dist/tex/generic/pgf/math/pgfmath.code.tex))
(/usr/share/texlive/texmf-dist/tex/generic/pgf/utilities/pgffor.code.tex
Package: pgffor 2013/12/13 v3.0.1a (rcs-revision 1.25)

(/usr/share/texlive/texmf-dist/tex/generic/pgf/math/pgfmath.code.tex)
\pgffor@iter=\dimen194
\pgffor@skip=\dimen195
\pgffor@stack=\toks52
\pgffor@toks=\toks53
))
(/usr/share/texlive/texmf-dist/tex/generic/pgf/frontendlayer/tikz/tikz.code.tex
Package: tikz 2015/08/07 v3.0.1a (rcs-revision 1.151)

(/usr/share/texlive/texmf-dist/tex/generic/pgf/libraries/pgflibraryplothandlers
.code.tex
File: pgflibraryplothandlers.code.tex 2013/08/31 v3.0.1a (rcs-revision 1.20)
\pgf@plot@mark@count=\count153
\pgfplotmarksize=\dimen196
)
\tikz@lastx=\dimen197
\tikz@lasty=\dimen198
\tikz@lastxsaved=\dimen199
\tikz@lastysaved=\dimen256
\tikzleveldistance=\dimen257
\tikzsiblingdistance=\dimen258
\tikz@figbox=\box46
\tikz@figbox@bg=\box47
\tikz@tempbox=\box48
\tikz@tempbox@bg=\box49
\tikztreelevel=\count154
\tikznumberofchildren=\count155
\tikznumberofcurrentchild=\count156
\tikz@fig@count=\count157

(/usr/share/texlive/texmf-dist/tex/generic/pgf/modules/pgfmodulematrix.code.tex
File: pgfmodulematrix.code.tex 2013/09/17  (rcs-revision 1.8)
\pgfmatrixcurrentrow=\count158
\pgfmatrixcurrentcolumn=\count159
\pgf@matrix@numberofcolumns=\count160
)
\tikz@expandcount=\count161

(/usr/share/texlive/texmf-dist/tex/generic/pgf/frontendlayer/tikz/libraries/tik
zlibrarytopaths.code.tex
File: tikzlibrarytopaths.code.tex 2008/06/17 v3.0.1a (rcs-revision 1.2)
)))
(/usr/share/texlive/texmf-dist/tex/generic/pgf/frontendlayer/tikz/libraries/tik
zlibrarypositioning.code.tex
File: tikzlibrarypositioning.code.tex 2008/10/06 v3.0.1a (rcs-revision 1.7)
)
\c@@todonotes@numberoftodonotes=\count162
)
(/usr/share/texlive/texmf-dist/tex/latex/hyperref/hyperref.sty
Package: hyperref 2018/02/06 v6.86b Hypertext links for LaTeX

(/usr/share/texlive/texmf-dist/tex/generic/oberdiek/hobsub-hyperref.sty
Package: hobsub-hyperref 2016/05/16 v1.14 Bundle oberdiek, subset hyperref (HO)


(/usr/share/texlive/texmf-dist/tex/generic/oberdiek/hobsub-generic.sty
Package: hobsub-generic 2016/05/16 v1.14 Bundle oberdiek, subset generic (HO)
Package: hobsub 2016/05/16 v1.14 Construct package bundles (HO)
Package: infwarerr 2016/05/16 v1.4 Providing info/warning/error messages (HO)
Package: ltxcmds 2016/05/16 v1.23 LaTeX kernel commands for general use (HO)
Package: ifluatex 2016/05/16 v1.4 Provides the ifluatex switch (HO)
Package ifluatex Info: LuaTeX not detected.
Package hobsub Info: Skipping package `ifvtex' (already loaded).
Package: intcalc 2016/05/16 v1.2 Expandable calculations with integers (HO)
Package hobsub Info: Skipping package `ifpdf' (already loaded).
Package: etexcmds 2016/05/16 v1.6 Avoid name clashes with e-TeX commands (HO)
Package etexcmds Info: Could not find \expanded.
(etexcmds)             That can mean that you are not using pdfTeX 1.50 or
(etexcmds)             that some package has redefined \expanded.
(etexcmds)             In the latter case, load this package earlier.
Package: kvsetkeys 2016/05/16 v1.17 Key value parser (HO)
Package: kvdefinekeys 2016/05/16 v1.4 Define keys (HO)
Package: pdftexcmds 2018/01/30 v0.27 Utility functions of pdfTeX for LuaTeX (HO
)
Package pdftexcmds Info: LuaTeX not detected.
Package pdftexcmds Info: \pdf@primitive is available.
Package pdftexcmds Info: \pdf@ifprimitive is available.
Package pdftexcmds Info: \pdfdraftmode found.
Package: pdfescape 2016/05/16 v1.14 Implements pdfTeX's escape features (HO)
Package: bigintcalc 2016/05/16 v1.4 Expandable calculations on big integers (HO
)
Package: bitset 2016/05/16 v1.2 Handle bit-vector datatype (HO)
Package: uniquecounter 2016/05/16 v1.3 Provide unlimited unique counter (HO)
)
Package hobsub Info: Skipping package `hobsub' (already loaded).
Package: letltxmacro 2016/05/16 v1.5 Let assignment for LaTeX macros (HO)
Package: hopatch 2016/05/16 v1.3 Wrapper for package hooks (HO)
Package: xcolor-patch 2016/05/16 xcolor patch
Package: atveryend 2016/05/16 v1.9 Hooks at the very end of document (HO)
Package atveryend Info: \enddocument detected (standard20110627).
Package: atbegshi 2016/06/09 v1.18 At begin shipout hook (HO)
Package: refcount 2016/05/16 v3.5 Data extraction from label references (HO)
Package: hycolor 2016/05/16 v1.8 Color options for hyperref/bookmark (HO)
)
(/usr/share/texlive/texmf-dist/tex/latex/oberdiek/auxhook.sty
Package: auxhook 2016/05/16 v1.4 Hooks for auxiliary files (HO)
)
(/usr/share/texlive/texmf-dist/tex/latex/oberdiek/kvoptions.sty
Package: kvoptions 2016/05/16 v3.12 Key value format for package options (HO)
)
\@linkdim=\dimen259
\Hy@linkcounter=\count163
\Hy@pagecounter=\count164

(/usr/share/texlive/texmf-dist/tex/latex/hyperref/pd1enc.def
File: pd1enc.def 2018/02/06 v6.86b Hyperref: PDFDocEncoding definition (HO)
)
\Hy@SavedSpaceFactor=\count165

(/usr/share/texlive/texmf-dist/tex/latex/latexconfig/hyperref.cfg
File: hyperref.cfg 2002/06/06 v1.2 hyperref configuration of TeXLive
)
Package hyperref Info: Option `colorlinks' set `true' on input line 4383.
Package hyperref Info: Hyper figures OFF on input line 4509.
Package hyperref Info: Link nesting OFF on input line 4514.
Package hyperref Info: Hyper index ON on input line 4517.
Package hyperref Info: Plain pages OFF on input line 4524.
Package hyperref Info: Backreferencing OFF on input line 4529.
Package hyperref Info: Implicit mode ON; LaTeX internals redefined.
Package hyperref Info: Bookmarks ON on input line 4762.
\c@Hy@tempcnt=\count166

(/usr/share/texlive/texmf-dist/tex/latex/url/url.sty
\Urlmuskip=\muskip11
Package: url 2013/09/16  ver 3.4  Verb mode for urls, etc.
)
LaTeX Info: Redefining \url on input line 5115.
\XeTeXLinkMargin=\dimen260
\Fld@menulength=\count167
\Field@Width=\dimen261
\Fld@charsize=\dimen262
Package hyperref Info: Hyper figures OFF on input line 6369.
Package hyperref Info: Link nesting OFF on input line 6374.
Package hyperref Info: Hyper index ON on input line 6377.
Package hyperref Info: backreferencing OFF on input line 6384.
Package hyperref Info: Link coloring ON on input line 6387.
Package hyperref Info: Link coloring with OCG OFF on input line 6394.
Package hyperref Info: PDF/A mode OFF on input line 6399.
LaTeX Info: Redefining \ref on input line 6439.
LaTeX Info: Redefining \pageref on input line 6443.
\Hy@abspage=\count168
\c@Item=\count169
\c@Hfootnote=\count170
)
Package hyperref Info: Driver (autodetected): hpdftex.

(/usr/share/texlive/texmf-dist/tex/latex/hyperref/hpdftex.def
File: hpdftex.def 2018/02/06 v6.86b Hyperref driver for pdfTeX
\Fld@listcount=\count171
\c@bookmark@seq@number=\count172

(/usr/share/texlive/texmf-dist/tex/latex/oberdiek/rerunfilecheck.sty
Package: rerunfilecheck 2016/05/16 v1.8 Rerun checks for auxiliary files (HO)
Package uniquecounter Info: New unique counter `rerunfilecheck' on input line 2
82.
)
\Hy@SectionHShift=\skip64
)
(./final-exam-review.aux

LaTeX Warning: Label `iter-dfs' multiply defined.

)
\openout1 = `final-exam-review.aux'.

LaTeX Font Info:    Checking defaults for OML/cmm/m/it on input line 37.
LaTeX Font Info:    ... okay on input line 37.
LaTeX Font Info:    Checking defaults for T1/cmr/m/n on input line 37.
LaTeX Font Info:    ... okay on input line 37.
LaTeX Font Info:    Checking defaults for OT1/cmr/m/n on input line 37.
LaTeX Font Info:    ... okay on input line 37.
LaTeX Font Info:    Checking defaults for OMS/cmsy/m/n on input line 37.
LaTeX Font Info:    ... okay on input line 37.
LaTeX Font Info:    Checking defaults for OMX/cmex/m/n on input line 37.
LaTeX Font Info:    ... okay on input line 37.
LaTeX Font Info:    Checking defaults for U/cmr/m/n on input line 37.
LaTeX Font Info:    ... okay on input line 37.
LaTeX Font Info:    Checking defaults for PD1/pdf/m/n on input line 37.
LaTeX Font Info:    ... okay on input line 37.
 (/usr/share/texlive/texmf-dist/tex/latex/ucs/ucsencs.def
File: ucsencs.def 2011/01/21 Fixes to fontencodings LGR, T3
)
\c@lstlisting=\count173
Package caption Info: Begin \AtBeginDocument code.
Package caption Info: subfig package v1.3 is loaded.
Package caption Info: hyperref package is loaded.
Package caption Info: End \AtBeginDocument code.

*geometry* driver: auto-detecting
*geometry* detected driver: pdftex
*geometry* verbose mode - [ preamble ] result:
* driver: pdftex
* paper: a4paper
* layout: <same size as paper>
* layoutoffset:(h,v)=(0.0pt,0.0pt)
* modes: 
* h-part:(L,W,R)=(85.35826pt, 426.79135pt, 85.35826pt)
* v-part:(T,H,B)=(85.35826pt, 702.78308pt, 56.9055pt)
* \paperwidth=597.50787pt
* \paperheight=845.04684pt
* \textwidth=426.79135pt
* \textheight=702.78308pt
* \oddsidemargin=13.08827pt
* \evensidemargin=13.08827pt
* \topmargin=-23.91173pt
* \headheight=12.0pt
* \headsep=25.0pt
* \topskip=10.0pt
* \footskip=30.0pt
* \marginparwidth=49.79231pt
* \marginparsep=11.0pt
* \columnsep=10.0pt
* \skip\footins=9.0pt plus 4.0pt minus 2.0pt
* \hoffset=0.0pt
* \voffset=0.0pt
* \mag=1000
* \@twocolumnfalse
* \@twosidefalse
* \@mparswitchfalse
* \@reversemarginfalse
* (1in=72.27pt=25.4mm, 1cm=28.453pt)

(/usr/share/texlive/texmf-dist/tex/context/base/mkii/supp-pdf.mkii
[Loading MPS to PDF converter (version 2006.09.02).]
\scratchcounter=\count174
\scratchdimen=\dimen263
\scratchbox=\box50
\nofMPsegments=\count175
\nofMParguments=\count176
\everyMPshowfont=\toks54
\MPscratchCnt=\count177
\MPscratchDim=\dimen264
\MPnumerator=\count178
\makeMPintoPDFobject=\count179
\everyMPtoPDFconversion=\toks55
) (/usr/share/texlive/texmf-dist/tex/latex/oberdiek/epstopdf-base.sty
Package: epstopdf-base 2016/05/15 v2.6 Base part for package epstopdf

(/usr/share/texlive/texmf-dist/tex/latex/oberdiek/grfext.sty
Package: grfext 2016/05/16 v1.2 Manage graphics extensions (HO)
)
Package epstopdf-base Info: Redefining graphics rule for `.eps' on input line 4
38.
Package grfext Info: Graphics extension search list:
(grfext)             [.pdf,.png,.jpg,.mps,.jpeg,.jbig2,.jb2,.PDF,.PNG,.JPG,.JPE
G,.JBIG2,.JB2,.eps]
(grfext)             \AppendGraphicsExtensions on input line 456.

(/usr/share/texlive/texmf-dist/tex/latex/latexconfig/epstopdf-sys.cfg
File: epstopdf-sys.cfg 2010/07/13 v1.3 Configuration of (r)epstopdf for TeX Liv
e
))
ABD: EveryShipout initializing macros

Package todonotes Warning: The length marginparwidth is less than 2cm and will 
most likely cause issues with the appearance of inserted todonotes. The issue c
an be solved by adding a line like \setlength {\marginparwidth }{2cm} prior to 
loading the todonotes package. on input line 37.

\AtBeginShipoutBox=\box51
Package hyperref Info: Link coloring ON on input line 37.
(/usr/share/texlive/texmf-dist/tex/latex/hyperref/nameref.sty
Package: nameref 2016/05/21 v2.44 Cross-referencing by name of section

(/usr/share/texlive/texmf-dist/tex/generic/oberdiek/gettitlestring.sty
Package: gettitlestring 2016/05/16 v1.5 Cleanup title references (HO)
)
\c@section@level=\count180
)
LaTeX Info: Redefining \ref on input line 37.
LaTeX Info: Redefining \pageref on input line 37.
LaTeX Info: Redefining \nameref on input line 37.

(./final-exam-review.out) (./final-exam-review.out)
\@outlinefile=\write4
\openout4 = `final-exam-review.out'.

 [1

{/usr/share/texlive/texmf-dist/fonts/map/pdftex/updmap/pdftex.map}]pdfTeX warni
ng (ext4): destination with the same identifier (name{page.}) has been already 
used, duplicate ignored
<to be read again> 
                   \relax 
l.53 ...ace*{\fill}\thispagestyle{empty}\clearpage
                                                   [1]

Package amsmath Warning: Foreign command \atopwithdelims;
(amsmath)                \frac or \genfrac should be used instead
(amsmath)                 on input line 67.

Package hyperref Info: bookmark level for unknown algorithm defaults to 0 on in
put line 92.
[1

]
<graphs/minimum-spanning-trees/e_1.png, id=105, 251.94125pt x 300.12125pt>
File: graphs/minimum-spanning-trees/e_1.png Graphic file (type png)
<use graphs/minimum-spanning-trees/e_1.png>
Package pdftex.def Info: graphs/minimum-spanning-trees/e_1.png  used on input l
ine 136.
(pdftex.def)             Requested size: 125.9703pt x 150.06026pt.
 [2pdfTeX warning (ext4): destination with the same identifier (name{algorithm.
}) has been already used, duplicate ignored

\@EveryShipout@Output ...@Org@Shipout \box \@cclv 
                                                  
l.136 ...nimum-spanning-trees/e_1.png}\end{center}
                                                  ]
<graphs/minimum-spanning-trees/e_1_k_1.png, id=114, 251.94125pt x 300.12125pt>
File: graphs/minimum-spanning-trees/e_1_k_1.png Graphic file (type png)
<use graphs/minimum-spanning-trees/e_1_k_1.png>
Package pdftex.def Info: graphs/minimum-spanning-trees/e_1_k_1.png  used on inp
ut line 143.
(pdftex.def)             Requested size: 140.84192pt x 167.77367pt.
<graphs/minimum-spanning-trees/e_1_k_2.png, id=115, 251.94125pt x 300.12125pt>
File: graphs/minimum-spanning-trees/e_1_k_2.png Graphic file (type png)
<use graphs/minimum-spanning-trees/e_1_k_2.png>
Package pdftex.def Info: graphs/minimum-spanning-trees/e_1_k_2.png  used on inp
ut line 144.
(pdftex.def)             Requested size: 140.84192pt x 167.77367pt.
<graphs/minimum-spanning-trees/e_1_k_3.png, id=116, 251.94125pt x 300.12125pt>
File: graphs/minimum-spanning-trees/e_1_k_3.png Graphic file (type png)
<use graphs/minimum-spanning-trees/e_1_k_3.png>
Package pdftex.def Info: graphs/minimum-spanning-trees/e_1_k_3.png  used on inp
ut line 145.
(pdftex.def)             Requested size: 140.84192pt x 167.77367pt.

Overfull \hbox (4.62112pt too wide) in paragraph at lines 143--146
 [][]  [][]  [][] 
 []

<graphs/minimum-spanning-trees/e_1_k_4.png, id=117, 251.94125pt x 300.12125pt>
File: graphs/minimum-spanning-trees/e_1_k_4.png Graphic file (type png)
<use graphs/minimum-spanning-trees/e_1_k_4.png>
Package pdftex.def Info: graphs/minimum-spanning-trees/e_1_k_4.png  used on inp
ut line 147.
(pdftex.def)             Requested size: 140.84192pt x 167.77367pt.
<graphs/minimum-spanning-trees/e_1_k_5.png, id=118, 251.94125pt x 300.12125pt>
File: graphs/minimum-spanning-trees/e_1_k_5.png Graphic file (type png)
<use graphs/minimum-spanning-trees/e_1_k_5.png>
Package pdftex.def Info: graphs/minimum-spanning-trees/e_1_k_5.png  used on inp
ut line 148.
(pdftex.def)             Requested size: 140.84192pt x 167.77367pt.
<graphs/minimum-spanning-trees/e_1_k_6.png, id=119, 251.94125pt x 300.12125pt>
File: graphs/minimum-spanning-trees/e_1_k_6.png Graphic file (type png)
<use graphs/minimum-spanning-trees/e_1_k_6.png>
Package pdftex.def Info: graphs/minimum-spanning-trees/e_1_k_6.png  used on inp
ut line 149.
(pdftex.def)             Requested size: 140.84192pt x 167.77367pt.

Overfull \hbox (4.62112pt too wide) in paragraph at lines 147--150
 [][]  [][]  [][][][][][][][] 
 []

<graphs/minimum-spanning-trees/e_1_k_7.png, id=120, 251.94125pt x 300.12125pt>
File: graphs/minimum-spanning-trees/e_1_k_7.png Graphic file (type png)
<use graphs/minimum-spanning-trees/e_1_k_7.png>
Package pdftex.def Info: graphs/minimum-spanning-trees/e_1_k_7.png  used on inp
ut line 152.
(pdftex.def)             Requested size: 140.84192pt x 167.77367pt.
[3 <./graphs/minimum-spanning-trees/e_1.png> <./graphs/minimum-spanning-trees/e
_1_k_1.png> <./graphs/minimum-spanning-trees/e_1_k_2.png> <./graphs/minimum-spa
nning-trees/e_1_k_3.png> <./graphs/minimum-spanning-trees/e_1_k_4.png> <./graph
s/minimum-spanning-trees/e_1_k_5.png> <./graphs/minimum-spanning-trees/e_1_k_6.
png>]pdfTeX warning (ext4): destination with the same identifier (name{subfigur
e.1.1}) has been already used, duplicate ignored
<to be read again> 
                   \relax 
l.159  \subfloat
                []{\includegraphics[width=0.33\textwidth]{graphs/minimum-spa...
<graphs/minimum-spanning-trees/e_1_p_1.png, id=139, 251.94125pt x 300.12125pt>
File: graphs/minimum-spanning-trees/e_1_p_1.png Graphic file (type png)
<use graphs/minimum-spanning-trees/e_1_p_1.png>
Package pdftex.def Info: graphs/minimum-spanning-trees/e_1_p_1.png  used on inp
ut line 159.
(pdftex.def)             Requested size: 140.84192pt x 167.77367pt.
pdfTeX warning (ext4): destination with the same identifier (name{subfigure.1.2
}) has been already used, duplicate ignored
<to be read again> 
                   \relax 
l.160  \subfloat
                []{\includegraphics[width=0.33\textwidth]{graphs/minimum-spa...
<graphs/minimum-spanning-trees/e_1_p_2.png, id=140, 251.94125pt x 300.12125pt>
File: graphs/minimum-spanning-trees/e_1_p_2.png Graphic file (type png)
<use graphs/minimum-spanning-trees/e_1_p_2.png>
Package pdftex.def Info: graphs/minimum-spanning-trees/e_1_p_2.png  used on inp
ut line 160.
(pdftex.def)             Requested size: 140.84192pt x 167.77367pt.
pdfTeX warning (ext4): destination with the same identifier (name{subfigure.1.3
}) has been already used, duplicate ignored
<to be read again> 
                   \relax 
l.161  \subfloat
                []{\includegraphics[width=0.33\textwidth]{graphs/minimum-spa...
<graphs/minimum-spanning-trees/e_1_p_3.png, id=141, 251.94125pt x 300.12125pt>
File: graphs/minimum-spanning-trees/e_1_p_3.png Graphic file (type png)
<use graphs/minimum-spanning-trees/e_1_p_3.png>
Package pdftex.def Info: graphs/minimum-spanning-trees/e_1_p_3.png  used on inp
ut line 161.
(pdftex.def)             Requested size: 140.84192pt x 167.77367pt.

Overfull \hbox (4.62112pt too wide) in paragraph at lines 159--162
 [][]  [][]  [][] 
 []

pdfTeX warning (ext4): destination with the same identifier (name{subfigure.1.4
}) has been already used, duplicate ignored
<to be read again> 
                   \relax 
l.163  \subfloat
                []{\includegraphics[width=0.33\textwidth]{graphs/minimum-spa...
<graphs/minimum-spanning-trees/e_1_p_4.png, id=142, 251.94125pt x 300.12125pt>
File: graphs/minimum-spanning-trees/e_1_p_4.png Graphic file (type png)
<use graphs/minimum-spanning-trees/e_1_p_4.png>
Package pdftex.def Info: graphs/minimum-spanning-trees/e_1_p_4.png  used on inp
ut line 163.
(pdftex.def)             Requested size: 140.84192pt x 167.77367pt.
pdfTeX warning (ext4): destination with the same identifier (name{subfigure.1.5
}) has been already used, duplicate ignored
<to be read again> 
                   \relax 
l.164  \subfloat
                []{\includegraphics[width=0.33\textwidth]{graphs/minimum-spa...
<graphs/minimum-spanning-trees/e_1_p_5.png, id=143, 251.94125pt x 300.12125pt>
File: graphs/minimum-spanning-trees/e_1_p_5.png Graphic file (type png)
<use graphs/minimum-spanning-trees/e_1_p_5.png>
Package pdftex.def Info: graphs/minimum-spanning-trees/e_1_p_5.png  used on inp
ut line 164.
(pdftex.def)             Requested size: 140.84192pt x 167.77367pt.
pdfTeX warning (ext4): destination with the same identifier (name{subfigure.1.6
}) has been already used, duplicate ignored
<to be read again> 
                   \relax 
l.165  \subfloat
                []{\includegraphics[width=0.33\textwidth]{graphs/minimum-spa...
<graphs/minimum-spanning-trees/e_1_p_6.png, id=144, 251.94125pt x 300.12125pt>
File: graphs/minimum-spanning-trees/e_1_p_6.png Graphic file (type png)
<use graphs/minimum-spanning-trees/e_1_p_6.png>
Package pdftex.def Info: graphs/minimum-spanning-trees/e_1_p_6.png  used on inp
ut line 165.
(pdftex.def)             Requested size: 140.84192pt x 167.77367pt.

Overfull \hbox (4.62112pt too wide) in paragraph at lines 163--166
 [][]  [][]  [][][][][][][][] 
 []

<graphs/minimum-spanning-trees/e_1_p_7.png, id=145, 251.94125pt x 300.12125pt>
File: graphs/minimum-spanning-trees/e_1_p_7.png Graphic file (type png)
<use graphs/minimum-spanning-trees/e_1_p_7.png>
Package pdftex.def Info: graphs/minimum-spanning-trees/e_1_p_7.png  used on inp
ut line 168.
(pdftex.def)             Requested size: 140.84192pt x 167.77367pt.
[4 <./graphs/minimum-spanning-trees/e_1_k_7.png> <./graphs/minimum-spanning-tre
es/e_1_p_1.png> <./graphs/minimum-spanning-trees/e_1_p_2.png> <./graphs/minimum
-spanning-trees/e_1_p_3.png> <./graphs/minimum-spanning-trees/e_1_p_4.png> <./g
raphs/minimum-spanning-trees/e_1_p_5.png> <./graphs/minimum-spanning-trees/e_1_
p_6.png>] (/usr/share/texlive/texmf-dist/tex/latex/ucs/data/uni-32.def
File: uni-32.def 2013/05/13 UCS: Unicode data U+2000..U+20FF
)pdfTeX warning (ext4): destination with the same identifier (name{subfigure.1.
1}) has been already used, duplicate ignored
<to be read again> 
                   \relax 
l.176  \subfloat
                []{\includegraphics[width=0.33\textwidth]{graphs/minimum-spa...
<graphs/minimum-spanning-trees/e_1_b_1.png, id=160, 251.94125pt x 300.12125pt>
File: graphs/minimum-spanning-trees/e_1_b_1.png Graphic file (type png)
<use graphs/minimum-spanning-trees/e_1_b_1.png>
Package pdftex.def Info: graphs/minimum-spanning-trees/e_1_b_1.png  used on inp
ut line 176.
(pdftex.def)             Requested size: 140.84192pt x 167.77367pt.
pdfTeX warning (ext4): destination with the same identifier (name{subfigure.1.2
}) has been already used, duplicate ignored
<to be read again> 
                   \relax 
l.177  \subfloat
                []{\includegraphics[width=0.33\textwidth]{graphs/minimum-spa...
<graphs/minimum-spanning-trees/e_1_b_2.png, id=161, 251.94125pt x 300.12125pt>
File: graphs/minimum-spanning-trees/e_1_b_2.png Graphic file (type png)
<use graphs/minimum-spanning-trees/e_1_b_2.png>
Package pdftex.def Info: graphs/minimum-spanning-trees/e_1_b_2.png  used on inp
ut line 177.
(pdftex.def)             Requested size: 140.84192pt x 167.77367pt.
pdfTeX warning (ext4): destination with the same identifier (name{subfigure.1.3
}) has been already used, duplicate ignored
<to be read again> 
                   \relax 
l.178  \subfloat
                []{\includegraphics[width=0.33\textwidth]{graphs/minimum-spa...
<graphs/minimum-spanning-trees/e_1_b_3.png, id=162, 251.94125pt x 300.12125pt>
File: graphs/minimum-spanning-trees/e_1_b_3.png Graphic file (type png)
<use graphs/minimum-spanning-trees/e_1_b_3.png>
Package pdftex.def Info: graphs/minimum-spanning-trees/e_1_b_3.png  used on inp
ut line 178.
(pdftex.def)             Requested size: 140.84192pt x 167.77367pt.

Overfull \hbox (4.62112pt too wide) in paragraph at lines 176--179
 [][]  [][]  [][][][][] 
 []

<graphs/shortest-path-trees/spt_1_0.png, id=163, 613.29124pt x 420.57124pt>
File: graphs/shortest-path-trees/spt_1_0.png Graphic file (type png)
<use graphs/shortest-path-trees/spt_1_0.png>
Package pdftex.def Info: graphs/shortest-path-trees/spt_1_0.png  used on input 
line 192.
(pdftex.def)             Requested size: 213.39568pt x 146.33578pt.
[5pdfTeX warning (ext4): destination with the same identifier (name{subfigure.1
.7}) has been already used, duplicate ignored

\@EveryShipout@Output ...@Org@Shipout \box \@cclv 
                                                  
l.192 ...rtest-path-trees/spt_1_0.png}\end{center}
                                                   <./graphs/minimum-spanning-t
rees/e_1_p_7.png> <./graphs/minimum-spanning-trees/e_1_b_1.png> <./graphs/minim
um-spanning-trees/e_1_b_2.png> <./graphs/minimum-spanning-trees/e_1_b_3.png>]pd
fTeX warning (ext4): destination with the same identifier (name{subfigure.1.1})
 has been already used, duplicate ignored
<to be read again> 
                   \relax 
l.199  \subfloat
                []{\includegraphics[width=0.33\textwidth]{graphs/shortest-pa...
File: graphs/shortest-path-trees/spt_1_0.png Graphic file (type png)
<use graphs/shortest-path-trees/spt_1_0.png>
Package pdftex.def Info: graphs/shortest-path-trees/spt_1_0.png  used on input 
line 199.
(pdftex.def)             Requested size: 140.84192pt x 96.58174pt.
pdfTeX warning (ext4): destination with the same identifier (name{subfigure.1.2
}) has been already used, duplicate ignored
<to be read again> 
                   \relax 
l.200  \subfloat
                []{\includegraphics[width=0.33\textwidth]{graphs/shortest-pa...
<graphs/shortest-path-trees/spt_1_1.png, id=180, 613.29124pt x 420.57124pt>
File: graphs/shortest-path-trees/spt_1_1.png Graphic file (type png)
<use graphs/shortest-path-trees/spt_1_1.png>
Package pdftex.def Info: graphs/shortest-path-trees/spt_1_1.png  used on input 
line 200.
(pdftex.def)             Requested size: 140.84192pt x 96.58174pt.
pdfTeX warning (ext4): destination with the same identifier (name{subfigure.1.3
}) has been already used, duplicate ignored
<to be read again> 
                   \relax 
l.201  \subfloat
                []{\includegraphics[width=0.33\textwidth]{graphs/shortest-pa...
<graphs/shortest-path-trees/spt_1_2.png, id=181, 613.29124pt x 420.57124pt>
File: graphs/shortest-path-trees/spt_1_2.png Graphic file (type png)
<use graphs/shortest-path-trees/spt_1_2.png>
Package pdftex.def Info: graphs/shortest-path-trees/spt_1_2.png  used on input 
line 201.
(pdftex.def)             Requested size: 140.84192pt x 96.58174pt.

Overfull \hbox (4.62112pt too wide) in paragraph at lines 199--202
 [][]  [][]  [][] 
 []

pdfTeX warning (ext4): destination with the same identifier (name{subfigure.1.4
}) has been already used, duplicate ignored
<to be read again> 
                   \relax 
l.203  \subfloat
                []{\includegraphics[width=0.33\textwidth]{graphs/shortest-pa...
<graphs/shortest-path-trees/spt_1_3.png, id=182, 613.29124pt x 420.57124pt>
File: graphs/shortest-path-trees/spt_1_3.png Graphic file (type png)
<use graphs/shortest-path-trees/spt_1_3.png>
Package pdftex.def Info: graphs/shortest-path-trees/spt_1_3.png  used on input 
line 203.
(pdftex.def)             Requested size: 140.84192pt x 96.58174pt.
pdfTeX warning (ext4): destination with the same identifier (name{subfigure.1.5
}) has been already used, duplicate ignored
<to be read again> 
                   \relax 
l.204  \subfloat
                []{\includegraphics[width=0.33\textwidth]{graphs/shortest-pa...
<graphs/shortest-path-trees/spt_1_4.png, id=183, 613.29124pt x 420.57124pt>
File: graphs/shortest-path-trees/spt_1_4.png Graphic file (type png)
<use graphs/shortest-path-trees/spt_1_4.png>
Package pdftex.def Info: graphs/shortest-path-trees/spt_1_4.png  used on input 
line 204.
(pdftex.def)             Requested size: 140.84192pt x 96.58174pt.
pdfTeX warning (ext4): destination with the same identifier (name{subfigure.1.6
}) has been already used, duplicate ignored
<to be read again> 
                   \relax 
l.205  \subfloat
                []{\includegraphics[width=0.33\textwidth]{graphs/shortest-pa...
<graphs/shortest-path-trees/spt_1_5.png, id=184, 613.29124pt x 420.57124pt>
File: graphs/shortest-path-trees/spt_1_5.png Graphic file (type png)
<use graphs/shortest-path-trees/spt_1_5.png>
Package pdftex.def Info: graphs/shortest-path-trees/spt_1_5.png  used on input 
line 205.
(pdftex.def)             Requested size: 140.84192pt x 96.58174pt.

Overfull \hbox (4.62112pt too wide) in paragraph at lines 203--206
 [][]  [][]  [][] 
 []

pdfTeX warning (ext4): destination with the same identifier (name{subfigure.1.7
}) has been already used, duplicate ignored
<to be read again> 
                   \relax 
l.207  \subfloat
                []{\includegraphics[width=0.33\textwidth]{graphs/shortest-pa...
<graphs/shortest-path-trees/spt_1_6.png, id=185, 613.29124pt x 420.57124pt>
File: graphs/shortest-path-trees/spt_1_6.png Graphic file (type png)
<use graphs/shortest-path-trees/spt_1_6.png>
Package pdftex.def Info: graphs/shortest-path-trees/spt_1_6.png  used on input 
line 207.
(pdftex.def)             Requested size: 140.84192pt x 96.58174pt.
<graphs/shortest-path-trees/spt_1_7.png, id=186, 613.29124pt x 420.57124pt>
File: graphs/shortest-path-trees/spt_1_7.png Graphic file (type png)
<use graphs/shortest-path-trees/spt_1_7.png>
Package pdftex.def Info: graphs/shortest-path-trees/spt_1_7.png  used on input 
line 208.
(pdftex.def)             Requested size: 140.84192pt x 96.58174pt.
<graphs/shortest-path-trees/spt_1_8.png, id=187, 613.29124pt x 420.57124pt>
File: graphs/shortest-path-trees/spt_1_8.png Graphic file (type png)
<use graphs/shortest-path-trees/spt_1_8.png>
Package pdftex.def Info: graphs/shortest-path-trees/spt_1_8.png  used on input 
line 209.
(pdftex.def)             Requested size: 140.84192pt x 96.58174pt.

Overfull \hbox (4.62112pt too wide) in paragraph at lines 207--210
 [][]  [][]  [][][][][][][][][][][] 
 []

<graphs/shortest-path-trees/spt_1_9.png, id=188, 613.29124pt x 420.57124pt>
File: graphs/shortest-path-trees/spt_1_9.png Graphic file (type png)
<use graphs/shortest-path-trees/spt_1_9.png>
Package pdftex.def Info: graphs/shortest-path-trees/spt_1_9.png  used on input 
line 213.
(pdftex.def)             Requested size: 140.84192pt x 96.58174pt.
<graphs/shortest-path-trees/spt_1_10.png, id=189, 613.29124pt x 420.57124pt>
File: graphs/shortest-path-trees/spt_1_10.png Graphic file (type png)
<use graphs/shortest-path-trees/spt_1_10.png>
Package pdftex.def Info: graphs/shortest-path-trees/spt_1_10.png  used on input
 line 214.
(pdftex.def)             Requested size: 140.84192pt x 96.58174pt.
<graphs/shortest-path-trees/spt_1_11.png, id=190, 613.29124pt x 420.57124pt>
File: graphs/shortest-path-trees/spt_1_11.png Graphic file (type png)
<use graphs/shortest-path-trees/spt_1_11.png>
Package pdftex.def Info: graphs/shortest-path-trees/spt_1_11.png  used on input
 line 215.
(pdftex.def)             Requested size: 140.84192pt x 96.58174pt.

Overfull \hbox (4.62112pt too wide) in paragraph at lines 213--216
 [][]  [][]  [][] 
 []

<graphs/shortest-path-trees/spt_1_12.png, id=191, 613.29124pt x 420.57124pt>
File: graphs/shortest-path-trees/spt_1_12.png Graphic file (type png)
<use graphs/shortest-path-trees/spt_1_12.png>
Package pdftex.def Info: graphs/shortest-path-trees/spt_1_12.png  used on input
 line 217.
(pdftex.def)             Requested size: 140.84192pt x 96.58174pt.
<graphs/shortest-path-trees/spt_1_13.png, id=192, 613.29124pt x 420.57124pt>
File: graphs/shortest-path-trees/spt_1_13.png Graphic file (type png)
<use graphs/shortest-path-trees/spt_1_13.png>
Package pdftex.def Info: graphs/shortest-path-trees/spt_1_13.png  used on input
 line 218.
(pdftex.def)             Requested size: 140.84192pt x 96.58174pt.
<graphs/shortest-path-trees/spt_1_14.png, id=193, 613.29124pt x 420.57124pt>
File: graphs/shortest-path-trees/spt_1_14.png Graphic file (type png)
<use graphs/shortest-path-trees/spt_1_14.png>
Package pdftex.def Info: graphs/shortest-path-trees/spt_1_14.png  used on input
 line 219.
(pdftex.def)             Requested size: 140.84192pt x 96.58174pt.

Overfull \hbox (4.62112pt too wide) in paragraph at lines 217--220
 [][]  [][]  [][] 
 []

File: graphs/shortest-path-trees/spt_1_14.png Graphic file (type png)
<use graphs/shortest-path-trees/spt_1_14.png>
Package pdftex.def Info: graphs/shortest-path-trees/spt_1_14.png  used on input
 line 221.
(pdftex.def)             Requested size: 140.84192pt x 96.58174pt.
<graphs/shortest-path-trees/spt_1_final.png, id=194, 613.29124pt x 420.57124pt>

File: graphs/shortest-path-trees/spt_1_final.png Graphic file (type png)
<use graphs/shortest-path-trees/spt_1_final.png>
Package pdftex.def Info: graphs/shortest-path-trees/spt_1_final.png  used on in
put line 222.
(pdftex.def)             Requested size: 140.84192pt x 96.58174pt.
[6 <./graphs/shortest-path-trees/spt_1_0.png> <./graphs/shortest-path-trees/spt
_1_1.png> <./graphs/shortest-path-trees/spt_1_2.png> <./graphs/shortest-path-tr
ees/spt_1_3.png> <./graphs/shortest-path-trees/spt_1_4.png> <./graphs/shortest-
path-trees/spt_1_5.png> <./graphs/shortest-path-trees/spt_1_6.png> <./graphs/sh
ortest-path-trees/spt_1_7.png> <./graphs/shortest-path-trees/spt_1_8.png>]
[7 <./graphs/shortest-path-trees/spt_1_9.png> <./graphs/shortest-path-trees/spt
_1_10.png> <./graphs/shortest-path-trees/spt_1_11.png> <./graphs/shortest-path-
trees/spt_1_12.png> <./graphs/shortest-path-trees/spt_1_13.png> <./graphs/short
est-path-trees/spt_1_14.png> <./graphs/shortest-path-trees/spt_1_final.png>]
Package atveryend Info: Empty hook `BeforeClearDocument' on input line 230.
Package atveryend Info: Empty hook `AfterLastShipout' on input line 230.

(./final-exam-review.aux)
Package atveryend Info: Executing hook `AtVeryEndDocument' on input line 230.
Package atveryend Info: Executing hook `AtEndAfterFileList' on input line 230.
Package rerunfilecheck Info: File `final-exam-review.out' has not changed.
(rerunfilecheck)             Checksum: A7F79DDC26A236473040CA266CC03BD4;1089.


LaTeX Warning: There were multiply-defined labels.

Package atveryend Info: Empty hook `AtVeryVeryEnd' on input line 230.
 ) 
Here is how much of TeX's memory you used:
 22248 strings out of 492701
 401193 string characters out of 6134504
 497383 words of memory out of 5000000
 25653 multiletter control sequences out of 15000+600000
 17605 words of font info for 34 fonts, out of 8000000 for 9000
 1137 hyphenation exceptions out of 8191
 62i,10n,87p,597b,583s stack positions out of 5000i,500n,10000p,200000b,80000s
{/usr/share/texlive/texmf-dist/fonts/enc/dvips/cm-super/cm-super-t1.enc}</usr
/share/texlive/texmf-dist/fonts/type1/public/amsfonts/cm/cmex10.pfb></usr/share
/texlive/texmf-dist/fonts/type1/public/amsfonts/cm/cmmi10.pfb></usr/share/texli
ve/texmf-dist/fonts/type1/public/amsfonts/cm/cmmi5.pfb></usr/share/texlive/texm
f-dist/fonts/type1/public/amsfonts/cm/cmmi7.pfb></usr/share/texlive/texmf-dist/
fonts/type1/public/amsfonts/cm/cmr10.pfb></usr/share/texlive/texmf-dist/fonts/t
ype1/public/amsfonts/cm/cmr5.pfb></usr/share/texlive/texmf-dist/fonts/type1/pub
lic/amsfonts/cm/cmr7.pfb></usr/share/texlive/texmf-dist/fonts/type1/public/amsf
onts/cm/cmsy10.pfb></usr/share/texlive/texmf-dist/fonts/type1/public/amsfonts/c
m/cmsy5.pfb></usr/share/texlive/texmf-dist/fonts/type1/public/cm-super/sfbx1000
.pfb></usr/share/texlive/texmf-dist/fonts/type1/public/cm-super/sfbx1200.pfb></
usr/share/texlive/texmf-dist/fonts/type1/public/cm-super/sfbx1440.pfb></usr/sha
re/texlive/texmf-dist/fonts/type1/public/cm-super/sfbx2074.pfb></usr/share/texl
ive/texmf-dist/fonts/type1/public/cm-super/sfcc1000.pfb></usr/share/texlive/tex
mf-dist/fonts/type1/public/cm-super/sfcc1440.pfb></usr/share/texlive/texmf-dist
/fonts/type1/public/cm-super/sfcc1728.pfb></usr/share/texlive/texmf-dist/fonts/
type1/public/cm-super/sfrm0700.pfb></usr/share/texlive/texmf-dist/fonts/type1/p
ublic/cm-super/sfrm0800.pfb></usr/share/texlive/texmf-dist/fonts/type1/public/c
m-super/sfrm1000.pfb></usr/share/texlive/texmf-dist/fonts/type1/public/cm-super
/sfrm2488.pfb></usr/share/texlive/texmf-dist/fonts/type1/public/cm-super/sfti10
00.pfb>
Output written on final-exam-review.pdf (9 pages, 955078 bytes).
PDF statistics:
 315 PDF objects out of 1000 (max. 8388607)
 212 compressed objects within 3 object streams
 57 named destinations out of 1000 (max. 500000)
 311 words of extra memory for PDF output out of 10000 (max. 10000000)

